2025-12-09 10:41:53,957 - main - INFO - Starting Vision Cap API...
2025-12-09 10:41:55,262 - sentence_transformers.SentenceTransformer - INFO - Use pytorch device_name: cpu
2025-12-09 10:41:55,262 - sentence_transformers.SentenceTransformer - INFO - Load pretrained SentenceTransformer: clip-ViT-B-32
2025-12-09 10:41:57,505 - httpx - INFO - HTTP Request: GET http://qdrant:6333/collections "HTTP/1.1 200 OK"
2025-12-09 10:41:57,507 - main - INFO - API startup complete
2025-12-09 10:42:16,944 - main - INFO - Face search request received, threshold: 0.6
2025-12-09 10:42:17,244 - main - INFO - Detected 1 face(s) in uploaded image
2025-12-09 10:42:17,257 - httpx - INFO - HTTP Request: POST http://qdrant:6333/collections/faces/points/search "HTTP/1.1 200 OK"
2025-12-09 10:42:17,258 - main - INFO - Found 6 matching faces
2025-12-09 10:42:17,260 - httpx - INFO - HTTP Request: POST http://qdrant:6333/collections/images/points "HTTP/1.1 200 OK"
2025-12-09 10:42:17,261 - httpx - INFO - HTTP Request: POST http://qdrant:6333/collections/images/points "HTTP/1.1 200 OK"
2025-12-09 10:42:17,262 - httpx - INFO - HTTP Request: POST http://qdrant:6333/collections/images/points "HTTP/1.1 200 OK"
2025-12-09 10:42:17,263 - httpx - INFO - HTTP Request: POST http://qdrant:6333/collections/images/points "HTTP/1.1 200 OK"
2025-12-09 10:42:17,263 - httpx - INFO - HTTP Request: POST http://qdrant:6333/collections/images/points "HTTP/1.1 200 OK"
2025-12-09 10:42:17,264 - httpx - INFO - HTTP Request: POST http://qdrant:6333/collections/images/points "HTTP/1.1 200 OK"
2025-12-09 10:42:17,264 - main - INFO - Returning 6 unique photos
2025-12-09 10:42:32,059 - main - INFO - Similar image search for photo_id: f6fe6574-18fb-49f9-935f-ae1ad8c80c5e
2025-12-09 10:42:32,067 - httpx - INFO - HTTP Request: POST http://qdrant:6333/collections/images/points "HTTP/1.1 200 OK"
2025-12-09 10:42:32,075 - httpx - INFO - HTTP Request: POST http://qdrant:6333/collections/images/points/search "HTTP/1.1 200 OK"
2025-12-09 10:42:32,116 - main - INFO - Found 14 similar images
2025-12-09 10:42:34,488 - main - INFO - Similar image search for photo_id: 1778b974-0313-4d15-8aa6-5e3b8a232c84
2025-12-09 10:42:34,492 - httpx - INFO - HTTP Request: POST http://qdrant:6333/collections/images/points "HTTP/1.1 200 OK"
2025-12-09 10:42:34,495 - httpx - INFO - HTTP Request: POST http://qdrant:6333/collections/images/points/search "HTTP/1.1 200 OK"
2025-12-09 10:42:34,536 - main - INFO - Found 14 similar images
2025-12-09 10:42:41,523 - main - INFO - Similar image search for photo_id: 4c483f67-bc53-47ee-a16d-c665c8558628
2025-12-09 10:42:41,530 - httpx - INFO - HTTP Request: POST http://qdrant:6333/collections/images/points "HTTP/1.1 200 OK"
2025-12-09 10:42:41,535 - httpx - INFO - HTTP Request: POST http://qdrant:6333/collections/images/points/search "HTTP/1.1 200 OK"
2025-12-09 10:42:41,576 - main - INFO - Found 14 similar images
2025-12-09 10:42:42,820 - main - INFO - Similar image search for photo_id: 3ff05d3c-9c0c-4f6c-8dd5-876af2f254e4
2025-12-09 10:42:42,824 - httpx - INFO - HTTP Request: POST http://qdrant:6333/collections/images/points "HTTP/1.1 200 OK"
2025-12-09 10:42:42,828 - httpx - INFO - HTTP Request: POST http://qdrant:6333/collections/images/points/search "HTTP/1.1 200 OK"
2025-12-09 10:42:42,869 - main - INFO - Found 14 similar images
2025-12-09 10:42:43,868 - main - INFO - Similar image search for photo_id: 67c36eb9-1e5c-4b4d-8daf-954b1dd845d0
2025-12-09 10:42:43,870 - httpx - INFO - HTTP Request: POST http://qdrant:6333/collections/images/points "HTTP/1.1 200 OK"
2025-12-09 10:42:43,871 - httpx - INFO - HTTP Request: POST http://qdrant:6333/collections/images/points/search "HTTP/1.1 200 OK"
2025-12-09 10:42:43,918 - main - INFO - Found 14 similar images
2025-12-09 10:43:22,300 - main - INFO - Text search query: 'pink dress'
2025-12-09 10:43:22,641 - httpx - INFO - HTTP Request: POST http://qdrant:6333/collections/images/points/search "HTTP/1.1 200 OK"
2025-12-09 10:43:22,641 - main - INFO - Found 15 results for query: 'pink dress'
2025-12-09 11:15:46,849 - main - INFO - Starting Vision Cap API...
2025-12-09 11:15:48,059 - sentence_transformers.SentenceTransformer - INFO - Use pytorch device_name: cpu
2025-12-09 11:15:48,059 - sentence_transformers.SentenceTransformer - INFO - Load pretrained SentenceTransformer: clip-ViT-B-32
2025-12-09 11:20:52,153 - main - INFO - Starting Vision Cap API...
2025-12-09 11:20:53,163 - sentence_transformers.SentenceTransformer - INFO - Use pytorch device_name: cpu
2025-12-09 11:20:53,163 - sentence_transformers.SentenceTransformer - INFO - Load pretrained SentenceTransformer: clip-ViT-B-32
2025-12-09 11:25:41,906 - main - INFO - Starting Vision Cap API...
2025-12-09 11:25:42,948 - sentence_transformers.SentenceTransformer - INFO - Use pytorch device_name: cpu
2025-12-09 11:25:42,948 - sentence_transformers.SentenceTransformer - INFO - Load pretrained SentenceTransformer: clip-ViT-B-32
2025-12-09 11:27:19,340 - main - INFO - Starting Vision Cap API...
2025-12-09 11:27:20,089 - sentence_transformers.SentenceTransformer - INFO - Use pytorch device_name: cpu
2025-12-09 11:27:20,089 - sentence_transformers.SentenceTransformer - INFO - Load pretrained SentenceTransformer: clip-ViT-B-32
2025-12-09 11:27:33,795 - main - INFO - Starting Vision Cap API...
2025-12-09 11:27:34,271 - sentence_transformers.SentenceTransformer - INFO - Use pytorch device_name: cpu
2025-12-09 11:27:34,272 - sentence_transformers.SentenceTransformer - INFO - Load pretrained SentenceTransformer: clip-ViT-B-32
2025-12-09 11:27:39,874 - httpx - INFO - HTTP Request: GET http://qdrant:6333/collections "HTTP/1.1 200 OK"
2025-12-09 11:27:39,876 - main - INFO - API startup complete
2025-12-09 11:27:44,720 - main - INFO - API shutting down
2025-12-09 11:27:47,395 - main - INFO - Starting Vision Cap API...
2025-12-09 11:27:48,180 - sentence_transformers.SentenceTransformer - INFO - Use pytorch device_name: cpu
2025-12-09 11:27:48,181 - sentence_transformers.SentenceTransformer - INFO - Load pretrained SentenceTransformer: clip-ViT-B-32
2025-12-09 11:27:54,876 - httpx - INFO - HTTP Request: GET http://qdrant:6333/collections "HTTP/1.1 200 OK"
2025-12-09 11:27:54,879 - main - INFO - API startup complete
2025-12-09 11:27:57,039 - main - INFO - Starting Vision Cap API...
2025-12-09 11:27:57,545 - sentence_transformers.SentenceTransformer - INFO - Use pytorch device_name: cpu
2025-12-09 11:27:57,545 - sentence_transformers.SentenceTransformer - INFO - Load pretrained SentenceTransformer: clip-ViT-B-32
2025-12-09 11:28:03,315 - httpx - INFO - HTTP Request: GET http://qdrant:6333/collections "HTTP/1.1 200 OK"
2025-12-09 11:28:03,317 - main - INFO - API startup complete
2025-12-09 11:28:05,482 - main - INFO - Starting Vision Cap API...
2025-12-09 11:28:05,977 - sentence_transformers.SentenceTransformer - INFO - Use pytorch device_name: cpu
2025-12-09 11:28:05,978 - sentence_transformers.SentenceTransformer - INFO - Load pretrained SentenceTransformer: clip-ViT-B-32
2025-12-09 11:28:17,905 - main - INFO - Starting Vision Cap API...
2025-12-09 11:28:18,915 - sentence_transformers.SentenceTransformer - INFO - Use pytorch device_name: cpu
2025-12-09 11:28:18,915 - sentence_transformers.SentenceTransformer - INFO - Load pretrained SentenceTransformer: clip-ViT-B-32
2025-12-09 11:28:25,045 - httpx - INFO - HTTP Request: GET http://qdrant:6333/collections "HTTP/1.1 200 OK"
2025-12-09 11:28:25,048 - main - INFO - API startup complete
2025-12-09 11:28:40,030 - httpx - INFO - HTTP Request: GET http://qdrant:6333/collections/images "HTTP/1.1 200 OK"
2025-12-09 11:28:40,058 - httpx - INFO - HTTP Request: GET http://qdrant:6333/collections/faces "HTTP/1.1 200 OK"
2025-12-09 11:28:40,071 - httpx - INFO - HTTP Request: POST http://qdrant:6333/collections/images/points/scroll "HTTP/1.1 200 OK"
2025-12-09 11:28:40,074 - httpx - INFO - HTTP Request: GET http://qdrant:6333/collections/images "HTTP/1.1 200 OK"
2025-12-09 11:28:40,075 - httpx - INFO - HTTP Request: GET http://qdrant:6333/collections/faces "HTTP/1.1 200 OK"
2025-12-09 11:28:40,077 - httpx - INFO - HTTP Request: POST http://qdrant:6333/collections/images/points/scroll "HTTP/1.1 200 OK"
2025-12-09 11:29:24,448 - main - INFO - Starting Vision Cap API...
2025-12-09 11:29:25,583 - sentence_transformers.SentenceTransformer - INFO - Use pytorch device_name: cpu
2025-12-09 11:29:25,583 - sentence_transformers.SentenceTransformer - INFO - Load pretrained SentenceTransformer: clip-ViT-B-32
2025-12-09 11:29:31,556 - httpx - INFO - HTTP Request: GET http://qdrant:6333/collections "HTTP/1.1 200 OK"
2025-12-09 11:29:31,557 - main - INFO - API startup complete
